2025-11-29 19:42:19,258 - INFO - Schedule Manager application starting...
2025-11-29 19:42:19,269 - WARNING - Application running without icon
2025-11-29 19:42:20,120 - INFO - Loaded last PDF path: C:/Users/jawad/Desktop/Has3_251021_141350.pdf
2025-11-29 19:42:20,120 - INFO - Loading last used PDF file
2025-11-29 19:42:20,616 - INFO - Schedule populated successfully
2025-11-29 19:42:20,650 - INFO - Application window shown successfully
2025-11-29 19:42:29,908 - INFO - Schedule populated successfully
2025-11-29 19:42:29,909 - INFO - Configuration saved successfully
2025-11-29 19:42:29,909 - INFO - Successfully loaded new PDF file
2025-11-30 16:12:16,038 - INFO - Schedule Manager application starting...
2025-11-30 16:12:16,704 - INFO - Loaded last PDF path: C:/Users/jawad/Desktop/Schedule_Manger/J_rapport.pdf
2025-11-30 16:12:16,704 - INFO - Loading last used PDF file
2025-11-30 16:12:17,053 - INFO - Schedule populated successfully
2025-11-30 16:12:17,074 - INFO - Application window shown successfully
2025-11-30 16:12:43,291 - INFO - Schedule populated successfully
2025-11-30 16:12:43,291 - INFO - Configuration saved successfully
2025-11-30 16:12:43,292 - INFO - Successfully loaded new PDF file
2025-11-30 16:12:53,417 - INFO - Schedule populated successfully
2025-11-30 16:12:53,418 - INFO - Configuration saved successfully
2025-11-30 16:12:53,418 - INFO - Successfully loaded new PDF file
2025-12-02 18:08:51,234 - INFO - Schedule Manager application starting...
2025-12-02 18:09:00,162 - INFO - Loaded last PDF path: C:/Users/jawad/Desktop/Has3_251021_141350.pdf
2025-12-02 18:09:00,163 - INFO - Loading last used PDF file
2025-12-02 18:09:01,143 - INFO - Schedule populated successfully
2025-12-02 18:09:01,176 - INFO - Application window shown successfully
2025-12-02 18:09:02,095 - INFO - Schedule Manager application starting...
2025-12-02 18:09:03,017 - INFO - Loaded last PDF path: C:/Users/jawad/Desktop/Has3_251021_141350.pdf
2025-12-02 18:09:03,018 - INFO - Loading last used PDF file
2025-12-02 18:09:03,556 - INFO - Schedule populated successfully
2025-12-02 18:09:03,592 - INFO - Application window shown successfully
2025-12-02 18:09:33,284 - INFO - Schedule populated successfully
2025-12-02 18:09:33,286 - INFO - Configuration saved successfully
2025-12-02 18:09:33,286 - INFO - Successfully loaded new PDF file
